#
# A fatal error has been detected by the Java Runtime Environment:
#
#  SIGSEGV (0xb) at pc=0x00007f420f6c20ad, pid=3418, tid=65897
#
# JRE version: OpenJDK Runtime Environment (11.0.13+8) (build 11.0.13+8-Ubuntu-0ubuntu1.20.04)
# Java VM: OpenJDK 64-Bit Server VM (11.0.13+8-Ubuntu-0ubuntu1.20.04, mixed mode, tiered, compressed oops, g1 gc, linux-amd64)
# Problematic frame:
# C  [libjimage.so+0x30ad]
#
# Core dump will be written. Default location: Core dumps may be processed with "/usr/share/apport/apport %p %s %c %d %P %E" (or dumping to /home/tuyennv18/Desktop/SW/ShortcutKey/core.3418)
#
# If you would like to submit a bug report, please visit:
#   https://bugs.launchpad.net/ubuntu/+source/openjdk-lts
#

---------------  S U M M A R Y ------------

Command Line: -Dclassworlds.conf=/usr/share/maven/bin/m2.conf -Dmaven.home=/usr/share/maven -Dlibrary.jansi.path=/usr/share/maven/lib/jansi-native -Dmaven.multiModuleProjectDirectory=/home/tuyennv18/Desktop/SW/ShortcutKey org.codehaus.plexus.classworlds.launcher.Launcher exec:java -Dexec.mainClass=com.tuyennguyen.ShortcutKey

Host: Intel(R) Core(TM) i7-8750H CPU @ 2.20GHz, 12 cores, 7G, Ubuntu 20.04.3 LTS
Time: Wed Jan 19 17:34:56 2022 +07 elapsed time: 27098.453791 seconds (0d 7h 31m 38s)

---------------  T H R E A D  ---------------

Current thread (0x00007f4168004800):  JavaThread "XToolkt-Shutdown-Thread" [_thread_in_vm, id=65897, stack(0x00007f4207cfd000,0x00007f4207dfe000)]

Stack: [0x00007f4207cfd000,0x00007f4207dfe000],  sp=0x00007f4207dfb070,  free space=1016k
Native frames: (J=compiled Java code, A=aot compiled Java code, j=interpreted, Vv=VM code, C=native code)
C  [libjimage.so+0x30ad]
C  [libjimage.so+0x3ca2]
C  [libjimage.so+0x4191]  JIMAGE_FindResource+0xf1
V  [libjvm.so+0x5b8c41]
V  [libjvm.so+0x5bb261]
V  [libjvm.so+0xdee4ed]
V  [libjvm.so+0xded08a]
V  [libjvm.so+0xdef63b]
V  [libjvm.so+0x66b68a]
V  [libjvm.so+0xa4ddfa]
V  [libjvm.so+0xa54a4b]
V  [libjvm.so+0x85d373]
V  [libjvm.so+0x85d9e1]
j  sun.awt.X11.XToolkit.lambda$init$0()V+0 java.desktop@11.0.13
j  sun.awt.X11.XToolkit$$Lambda$76.run()V+4 java.desktop@11.0.13
j  java.lang.Thread.run()V+11 java.base@11.0.13
v  ~StubRoutines::call_stub
V  [libjvm.so+0x863bf4]
V  [libjvm.so+0x86226e]
V  [libjvm.so+0x90e151]
V  [libjvm.so+0xe24e0f]
V  [libjvm.so+0xe21850]
V  [libjvm.so+0xbe0406]

Java frames: (J=compiled Java code, j=interpreted, Vv=VM code)
j  sun.awt.X11.XToolkit.lambda$init$0()V+0 java.desktop@11.0.13
j  sun.awt.X11.XToolkit$$Lambda$76.run()V+4 java.desktop@11.0.13
j  java.lang.Thread.run()V+11 java.base@11.0.13
v  ~StubRoutines::call_stub

siginfo: si_signo: 11 (SIGSEGV), si_code: 1 (SEGV_MAPERR), si_addr: 0x00007f41ff864c84

Register to memory mapping:

RAX=