#
# A fatal error has been detected by the Java Runtime Environment:
#
#  SIGSEGV (0xb) at pc=0x00007f971d6040ad, pid=3639, tid=20333
#
# JRE version: OpenJDK Runtime Environment (11.0.13+8) (build 11.0.13+8-Ubuntu-0ubuntu1.20.04)
# Java VM: OpenJDK 64-Bit Server VM (11.0.13+8-Ubuntu-0ubuntu1.20.04, mixed mode, tiered, compressed oops, g1 gc, linux-amd64)
# Problematic frame:
# C  [libjimage.so+0x30ad]
#
# Core dump will be written. Default location: Core dumps may be processed with "/usr/share/apport/apport %p %s %c %d %P %E" (or dumping to /home/tuyennv18/Desktop/SW/ShortcutKey/core.3639)
#
# If you would like to submit a bug report, please visit:
#   https://bugs.launchpad.net/ubuntu/+source/openjdk-lts
#

---------------  S U M M A R Y ------------

Command Line: -Dclassworlds.conf=/usr/share/maven/bin/m2.conf -Dmaven.home=/usr/share/maven -Dlibrary.jansi.path=/usr/share/maven/lib/jansi-native -Dmaven.multiModuleProjectDirectory=/home/tuyennv18/Desktop/SW/ShortcutKey org.codehaus.plexus.classworlds.launcher.Launcher exec:java -Dexec.mainClass=com.tuyennguyen.ShortcutKey

Host: Intel(R) Core(TM) i7-8750H CPU @ 2.20GHz, 12 cores, 7G, Ubuntu 20.04.3 LTS
Time: Thu Jan 13 17:32:44 2022 +07 elapsed time: 32794.321229 seconds (0d 9h 6m 34s)

---------------  T H R E A D  ---------------

Current thread (0x00007f9670001000):  JavaThread "XToolkt-Shutdown-Thread" [_thread_in_vm, id=20333, stack(0x00007f9717eff000,0x00007f9718000000)]

Stack: [0x00007f9717eff000,0x00007f9718000000],  sp=0x00007f9717ffd070,  free space=1016k
Native frames: (J=compiled Java code, A=aot compiled Java code, j=interpreted, Vv=VM code, C=native code)
C  [libjimage.so+0x30ad]
C  [libjimage.so+0x3ca2]
C  [libjimage.so+0x4191]  JIMAGE_FindResource+0xf1
V  [libjvm.so+0x5b8c41]